# JRE version: OpenJDK Runtime Environment Temurin-21.0.4+7 (21.0.4+7) (build 21.0.4+7-LTS)
# Java VM: OpenJDK 64-Bit Server VM Temurin-21.0.4+7 (21.0.4+7-LTS, mixed mode, sharing, tiered, compressed oops, compressed class ptrs, g1 gc, windows-amd64)
GC Precious Log:
 CardTable entry size: 512
 Card Set container configuration: InlinePtr #cards 4 size 8 Array Of Cards #cards 16 size 48 Howl #buckets 8 coarsen threshold 3686 Howl Bitmap #cards 512 size 80 coarsen threshold 460 Card regions per heap region 1 cards per card region 4096
 CPUs: 12 total, 12 available
 Memory: 16040M
 Large Page Support: Disabled
 NUMA Support: Disabled
 Compressed Oops: Enabled (Zero based)
 Heap Region Size: 2M
 Heap Min Capacity: 8M
 Heap Initial Capacity: 252M
 Heap Max Capacity: 4012M
 Pre-touch: Disabled
 Parallel Workers: 10
 Concurrent Workers: 3
 Concurrent Refinement Workers: 10
 Periodic GC: Disabled
Heap:
 garbage-first heap   total 96256K, used 18938K [0x0000000705400000, 0x0000000800000000)
  region size 2048K, 2 young (4096K), 1 survivors (2048K)
 Metaspace       used 10353K, committed 10624K, reserved 1114112K
  class space    used 1022K, committed 1152K, reserved 1048576K
GC Heap History (8 events):
Event: 4.535 GC heap before
{Heap before GC invocations=0 (full 0):
 garbage-first heap   total 258048K, used 10240K [0x0000000705400000, 0x0000000800000000)
  region size 2048K, 6 young (12288K), 0 survivors (0K)
 Metaspace       used 6735K, committed 6976K, reserved 1114112K
  class space    used 644K, committed 768K, reserved 1048576K
}
Event: 4.545 GC heap after
{Heap after GC invocations=1 (full 0):
 garbage-first heap   total 258048K, used 4049K [0x0000000705400000, 0x0000000800000000)
  region size 2048K, 1 young (2048K), 1 survivors (2048K)
 Metaspace       used 6735K, committed 6976K, reserved 1114112K
  class space    used 644K, committed 768K, reserved 1048576K
}
Event: 6.612 GC heap before
{Heap before GC invocations=1 (full 0):
 garbage-first heap   total 258048K, used 12241K [0x0000000705400000, 0x0000000800000000)
  region size 2048K, 6 young (12288K), 1 survivors (2048K)
 Metaspace       used 9564K, committed 9856K, reserved 1114112K
  class space    used 931K, committed 1088K, reserved 1048576K
}
Event: 6.617 GC heap after
{Heap after GC invocations=2 (full 0):
 garbage-first heap   total 258048K, used 5898K [0x0000000705400000, 0x0000000800000000)
  region size 2048K, 1 young (2048K), 1 survivors (2048K)
 Metaspace       used 9564K, committed 9856K, reserved 1114112K
  class space    used 931K, committed 1088K, reserved 1048576K
}
Event: 7.358 GC heap before
{Heap before GC invocations=2 (full 0):
 garbage-first heap   total 258048K, used 30474K [0x0000000705400000, 0x0000000800000000)
  region size 2048K, 6 young (12288K), 1 survivors (2048K)
 Metaspace       used 10312K, committed 10560K, reserved 1114112K
  class space    used 1020K, committed 1152K, reserved 1048576K
}
Event: 7.376 GC heap after
{Heap after GC invocations=3 (full 1):
 garbage-first heap   total 96256K, used 18748K [0x0000000705400000, 0x0000000800000000)
  region size 2048K, 0 young (0K), 0 survivors (0K)
 Metaspace       used 10312K, committed 10560K, reserved 1114112K
  class space    used 1020K, committed 1152K, reserved 1048576K
}
Event: 359.055 GC heap before
{Heap before GC invocations=3 (full 1):
 garbage-first heap   total 96256K, used 35132K [0x0000000705400000, 0x0000000800000000)
  region size 2048K, 4 young (8192K), 0 survivors (0K)
 Metaspace       used 10346K, committed 10624K, reserved 1114112K
  class space    used 1022K, committed 1152K, reserved 1048576K
}
Event: 359.057 GC heap after
{Heap after GC invocations=4 (full 1):
 garbage-first heap   total 96256K, used 18938K [0x0000000705400000, 0x0000000800000000)
  region size 2048K, 1 young (2048K), 1 survivors (2048K)
 Metaspace       used 10346K, committed 10624K, reserved 1114112K
  class space    used 1022K, committed 1152K, reserved 1048576K
}

